TpTrace Verbose: 0 : 13092, 1, 2021/11/15, 13:36:30.784, 9243169906447, datacollector.dll, Version: 17.0.0
TpTrace Information: 0 : 13092, 1, 2021/11/15, 13:36:30.795, 9243169966953, datacollector.dll, DataCollectorMain.Run: Starting data collector run with args: --port,53940,--parentprocessid,7836,--diag,C:\Users\Ehlimana\Desktop\Pijaca\Zadatak 2\bin\Debug\net5.0\fine-code-coverage\coverage-tool-output\diagnostics.datacollector.21-11-15_13-36-30_63631_5.log,--tracelevel,4
TpTrace Information: 0 : 13092, 1, 2021/11/15, 13:36:30.795, 9243169968395, datacollector.dll, DataCollector: Monitoring parent process with id: '7836'
TpTrace Information: 0 : 13092, 1, 2021/11/15, 13:36:30.806, 9243170078603, datacollector.dll, Trying to connect to server on socket : 127.0.0.1:53940 
TpTrace Verbose: 0 : 13092, 1, 2021/11/15, 13:36:30.816, 9243170179477, datacollector.dll, SocketCommunicationManager : SetupClientAsync : Attempting to connect to the server.
TpTrace Information: 0 : 13092, 8, 2021/11/15, 13:36:30.828, 9243170294590, datacollector.dll, Connected to the server successfully 
TpTrace Information: 0 : 13092, 8, 2021/11/15, 13:36:30.828, 9243170295677, datacollector.dll, Using the buffer size of 16384 bytes
TpTrace Information: 0 : 13092, 1, 2021/11/15, 13:36:30.933, 9243171345591, datacollector.dll, DataCollector: Start Request Processing.
TpTrace Information: 0 : 13092, 1, 2021/11/15, 13:36:30.939, 9243171400442, datacollector.dll, DataCollectionRequestHandler.ProcessRequests : Datacollector received message: (DataCollection.BeforeTestRunStart) -> {
  "SettingsXml": "<RunSettings><RunConfiguration><ResultsDirectory>C:\\Users\\Ehlimana\\Desktop\\Pijaca\\Zadatak 2\\bin\\Debug\\net5.0\\fine-code-coverage\\coverage-tool-output</ResultsDirectory><TargetPlatform>X64</TargetPlatform><TargetFrameworkVersion>.NETCoreApp,Version=v5.0</TargetFrameworkVersion><DesignMode>False</DesignMode><CollectSourceInformation>False</CollectSourceInformation><TestAdaptersPaths>C:\\Program Files\\dotnet\\sdk\\6.0.100\\Extensions</TestAdaptersPaths></RunConfiguration><LoggerRunSettings><Loggers><Logger friendlyName=\"blame\" enabled=\"True\" /><Logger friendlyName=\"Console\" uri=\"logger://microsoft/TestPlatform/ConsoleLogger/v1\" assemblyQualifiedName=\"Microsoft.VisualStudio.TestPlatform.CommandLine.Internal.ConsoleLogger, vstest.console, Version=15.0.0.0, Culture=neutral, PublicKeyToken=b03f5f7f11d50a3a\" codeBase=\"C:\\Program Files\\dotnet\\sdk\\6.0.100\\vstest.console.dll\" enabled=\"True\" /></Loggers></LoggerRunSettings><DataCollectionRunSettings><DataCollectors><DataCollector friendlyName=\"blame\" enabled=\"True\"><Configuration><ResultsDirectory>C:\\Users\\Ehlimana\\Desktop\\Pijaca\\Zadatak 2\\bin\\Debug\\net5.0\\fine-code-coverage\\coverage-tool-output</ResultsDirectory></Configuration></DataCollector></DataCollectors></DataCollectionRunSettings></RunSettings>",
  "Sources": [
    "C:\\Users\\Ehlimana\\Desktop\\Pijaca\\Zadatak 2\\bin\\Debug\\net5.0\\fine-code-coverage\\build-output\\Zadatak 2.dll"
  ],
  "IsTelemetryOptedIn": false
}
TpTrace Verbose: 0 : 13092, 1, 2021/11/15, 13:36:30.986, 9243171876345, datacollector.dll, TestPluginCache: Update extensions started. Skip filter = False
TpTrace Verbose: 0 : 13092, 1, 2021/11/15, 13:36:30.987, 9243171883387, datacollector.dll, TestPluginCache: Using directories for assembly resolution 'C:\Program Files\dotnet\sdk\6.0.100\Extensions'.
TpTrace Verbose: 0 : 13092, 1, 2021/11/15, 13:36:30.987, 9243171884337, datacollector.dll, TestPluginCache: Updated the available extensions to 'C:\Program Files\dotnet\sdk\6.0.100\Extensions\Microsoft.TestPlatform.Extensions.BlameDataCollector.dll,C:\Program Files\dotnet\sdk\6.0.100\Extensions\Microsoft.TestPlatform.Extensions.EventLogCollector.dll'.
TpTrace Verbose: 0 : 13092, 1, 2021/11/15, 13:36:30.995, 9243171964820, datacollector.dll, TestPluginCache.DiscoverTestExtensions: finding test extensions in assemblies ends with: Collector.dll TPluginInfo: Microsoft.VisualStudio.TestPlatform.Common.DataCollector.DataCollectorConfig TExtension: Microsoft.VisualStudio.TestPlatform.ObjectModel.DataCollection.DataCollector
TpTrace Verbose: 0 : 13092, 1, 2021/11/15, 13:36:30.995, 9243171967298, datacollector.dll, TestPluginCache.GetExtensionPaths: Filtered extension paths: C:\Program Files\dotnet\sdk\6.0.100\Extensions\Microsoft.TestPlatform.Extensions.BlameDataCollector.dll
C:\Program Files\dotnet\sdk\6.0.100\Extensions\Microsoft.TestPlatform.Extensions.EventLogCollector.dll
TpTrace Verbose: 0 : 13092, 1, 2021/11/15, 13:36:30.995, 9243171967831, datacollector.dll, TestPluginCache.GetExtensionPaths: Added default extension paths: 
TpTrace Verbose: 0 : 13092, 1, 2021/11/15, 13:36:30.995, 9243171968167, datacollector.dll, TestPluginCache.GetExtensionPaths: Added unfilterableExtensionPaths: 
TpTrace Information: 0 : 13092, 1, 2021/11/15, 13:36:30.996, 9243171973871, datacollector.dll, AssemblyResolver.ctor: Creating AssemblyResolver with searchDirectories C:\Program Files\dotnet\sdk\6.0.100\Extensions,C:\Program Files\dotnet\sdk\6.0.100
TpTrace Verbose: 0 : 13092, 1, 2021/11/15, 13:36:30.997, 9243171985672, datacollector.dll, TestPluginCache.DiscoverTestExtensions: Discovering the extensions using extension path.
TpTrace Verbose: 0 : 13092, 1, 2021/11/15, 13:36:30.997, 9243171987661, datacollector.dll, TestPluginCache.GetExtensionPaths: Filtered extension paths: C:\Program Files\dotnet\sdk\6.0.100\Extensions\Microsoft.TestPlatform.Extensions.BlameDataCollector.dll
C:\Program Files\dotnet\sdk\6.0.100\Extensions\Microsoft.TestPlatform.Extensions.EventLogCollector.dll
TpTrace Verbose: 0 : 13092, 1, 2021/11/15, 13:36:30.997, 9243171988191, datacollector.dll, TestPluginCache.GetExtensionPaths: Added default extension paths: 
TpTrace Verbose: 0 : 13092, 1, 2021/11/15, 13:36:30.997, 9243171988550, datacollector.dll, TestPluginCache.GetExtensionPaths: Added unfilterableExtensionPaths: 
TpTrace Verbose: 0 : 13092, 1, 2021/11/15, 13:36:30.997, 9243171989085, datacollector.dll, TestPluginCache.DiscoverTestExtensions: Discovering the extensions using allExtensionPaths: C:\Program Files\dotnet\sdk\6.0.100\Extensions\Microsoft.TestPlatform.Extensions.BlameDataCollector.dll
C:\Program Files\dotnet\sdk\6.0.100\Extensions\Microsoft.TestPlatform.Extensions.EventLogCollector.dll
TpTrace Information: 0 : 13092, 1, 2021/11/15, 13:36:30.998, 9243171990267, datacollector.dll, AssemblyResolver.AddSearchDirectories: Adding more searchDirectories C:\Program Files\dotnet\sdk\6.0.100\Extensions,C:\Program Files\dotnet\sdk\6.0.100
TpTrace Information: 0 : 13092, 1, 2021/11/15, 13:36:30.998, 9243171990821, datacollector.dll, AssemblyResolver.AddSearchDirectories: Adding more searchDirectories C:\Program Files\dotnet\sdk\6.0.100\Extensions,C:\Program Files\dotnet\sdk\6.0.100
TpTrace Information: 0 : 13092, 1, 2021/11/15, 13:36:30.998, 9243171994707, datacollector.dll, AssemblyResolver.OnResolve: Microsoft.TestPlatform.Extensions.BlameDataCollector: Resolving assembly.
TpTrace Information: 0 : 13092, 1, 2021/11/15, 13:36:30.998, 9243171997440, datacollector.dll, AssemblyResolver.OnResolve: Microsoft.TestPlatform.Extensions.BlameDataCollector: Searching in: 'C:\Program Files\dotnet\sdk\6.0.100\Extensions'.
TpTrace Information: 0 : 13092, 1, 2021/11/15, 13:36:30.999, 9243172005890, datacollector.dll, AssemblyResolver.OnResolve: Microsoft.TestPlatform.Extensions.BlameDataCollector: Loading assembly 'C:\Program Files\dotnet\sdk\6.0.100\Extensions\Microsoft.TestPlatform.Extensions.BlameDataCollector.dll'.
TpTrace Information: 0 : 13092, 1, 2021/11/15, 13:36:31.000, 9243172012963, datacollector.dll, AssemblyResolver.OnResolve: Resolved assembly: Microsoft.TestPlatform.Extensions.BlameDataCollector, from path: C:\Program Files\dotnet\sdk\6.0.100\Extensions\Microsoft.TestPlatform.Extensions.BlameDataCollector.dll
TpTrace Error: 0 : 13092, 1, 2021/11/15, 13:36:31.004, 9243172054291, datacollector.dll, The type "Microsoft.TestPlatform.Extensions.BlameDataCollector.BlameCollector" defined in "Microsoft.TestPlatform.Extensions.BlameDataCollector.dll" does not have ExtensionUri attribute.
TpTrace Information: 0 : 13092, 1, 2021/11/15, 13:36:31.005, 9243172064897, datacollector.dll, AssemblyResolver.OnResolve: Microsoft.TestPlatform.Extensions.EventLogCollector: Resolving assembly.
TpTrace Information: 0 : 13092, 1, 2021/11/15, 13:36:31.005, 9243172066275, datacollector.dll, AssemblyResolver.OnResolve: Microsoft.TestPlatform.Extensions.EventLogCollector: Searching in: 'C:\Program Files\dotnet\sdk\6.0.100\Extensions'.
TpTrace Information: 0 : 13092, 1, 2021/11/15, 13:36:31.006, 9243172069902, datacollector.dll, AssemblyResolver.OnResolve: Microsoft.TestPlatform.Extensions.EventLogCollector: Loading assembly 'C:\Program Files\dotnet\sdk\6.0.100\Extensions\Microsoft.TestPlatform.Extensions.EventLogCollector.dll'.
TpTrace Information: 0 : 13092, 1, 2021/11/15, 13:36:31.006, 9243172074020, datacollector.dll, AssemblyResolver.OnResolve: Resolved assembly: Microsoft.TestPlatform.Extensions.EventLogCollector, from path: C:\Program Files\dotnet\sdk\6.0.100\Extensions\Microsoft.TestPlatform.Extensions.EventLogCollector.dll
TpTrace Error: 0 : 13092, 1, 2021/11/15, 13:36:31.008, 9243172091355, datacollector.dll, The type "Microsoft.TestPlatform.Extensions.EventLogCollector.EventLogDataCollector" defined in "Microsoft.TestPlatform.Extensions.EventLogCollector.dll" does not have ExtensionUri attribute.
TpTrace Verbose: 0 : 13092, 1, 2021/11/15, 13:36:31.008, 9243172095092, datacollector.dll, TestPluginCache: Discovered the extensions using extension path 'C:\Program Files\dotnet\sdk\6.0.100\Extensions\Microsoft.TestPlatform.Extensions.BlameDataCollector.dll,C:\Program Files\dotnet\sdk\6.0.100\Extensions\Microsoft.TestPlatform.Extensions.EventLogCollector.dll'.
TpTrace Verbose: 0 : 13092, 1, 2021/11/15, 13:36:31.008, 9243172095697, datacollector.dll, TestPluginCache: Discoverers are ''.
TpTrace Verbose: 0 : 13092, 1, 2021/11/15, 13:36:31.008, 9243172096033, datacollector.dll, TestPluginCache: Executors are ''.
TpTrace Verbose: 0 : 13092, 1, 2021/11/15, 13:36:31.008, 9243172096332, datacollector.dll, TestPluginCache: Executors2 are ''.
TpTrace Verbose: 0 : 13092, 1, 2021/11/15, 13:36:31.008, 9243172096626, datacollector.dll, TestPluginCache: Setting providers are ''.
TpTrace Verbose: 0 : 13092, 1, 2021/11/15, 13:36:31.008, 9243172096916, datacollector.dll, TestPluginCache: Loggers are ''.
TpTrace Information: 0 : 13092, 1, 2021/11/15, 13:36:31.009, 9243172107681, datacollector.dll, TestPluginManager.CreateTestExtension: Attempting to load test extension: Microsoft.TestPlatform.Extensions.BlameDataCollector.BlameCollector
TpTrace Error: 0 : 13092, 1, 2021/11/15, 13:36:31.010, 9243172110428, datacollector.dll, The type "Microsoft.TestPlatform.Extensions.BlameDataCollector.BlameCollector" defined in "Microsoft.TestPlatform.Extensions.BlameDataCollector.dll" does not have ExtensionUri attribute.
TpTrace Information: 0 : 13092, 1, 2021/11/15, 13:36:31.015, 9243172162542, datacollector.dll, Listening on Endpoint : 127.0.0.1:53943
TpTrace Information: 0 : 13092, 1, 2021/11/15, 13:36:31.105, 9243173065469, datacollector.dll, DataCollectionRequestHandler.ProcessRequests : DataCollection started.
TpTrace Information: 0 : 13092, 1, 2021/11/15, 13:36:31.145, 9243173466057, datacollector.dll, DataCollectionRequestHandler.ProcessRequests : Datacollector received message: (DataCollection.TestHostLaunched) -> {
  "ProcessId": 6408
}
TpTrace Information: 0 : 13092, 7, 2021/11/15, 13:36:31.517, 9243177184348, datacollector.dll, Using the buffer size of 16384 bytes
TpTrace Information: 0 : 13092, 7, 2021/11/15, 13:36:31.517, 9243177185905, datacollector.dll, Accepted Client request and set the flag
TpTrace Information: 0 : 13092, 8, 2021/11/15, 13:36:32.085, 9243182866299, datacollector.dll, DataCollectionTestCaseEventHandler: Test case starting.
TpTrace Information: 0 : 13092, 8, 2021/11/15, 13:36:32.128, 9243183290882, datacollector.dll, Blame Collector : Test Case Start
TpTrace Information: 0 : 13092, 8, 2021/11/15, 13:36:32.128, 9243183297359, datacollector.dll, DataCollectionTestCaseEventHandler: Test case 'TestZamjenskiObjekat - cd075b4d-61b2-de77-403b-0cfb69a56f47' started.
TpTrace Information: 0 : 13092, 8, 2021/11/15, 13:36:32.224, 9243184256882, datacollector.dll, DataCollectionTestCaseEventHandler : Test case completing.
TpTrace Information: 0 : 13092, 8, 2021/11/15, 13:36:32.228, 9243184296794, datacollector.dll, Blame Collector : Test Case End
TpTrace Information: 0 : 13092, 8, 2021/11/15, 13:36:32.232, 9243184333053, datacollector.dll, DataCollectionTestCaseEventHandler: Test case 'TestZamjenskiObjekat - cd075b4d-61b2-de77-403b-0cfb69a56f47' completed
TpTrace Information: 0 : 13092, 8, 2021/11/15, 13:36:32.248, 9243184492402, datacollector.dll, DataCollectionTestCaseEventHandler: Test case starting.
TpTrace Information: 0 : 13092, 8, 2021/11/15, 13:36:32.248, 9243184498383, datacollector.dll, Blame Collector : Test Case Start
TpTrace Information: 0 : 13092, 8, 2021/11/15, 13:36:32.249, 9243184501411, datacollector.dll, DataCollectionTestCaseEventHandler: Test case 'DodavanjeMesnihProizvoda - 3a1d8414-af96-8075-3e91-63006d286d73' started.
TpTrace Information: 0 : 13092, 8, 2021/11/15, 13:36:32.293, 9243184945420, datacollector.dll, DataCollectionTestCaseEventHandler : Test case completing.
TpTrace Information: 0 : 13092, 8, 2021/11/15, 13:36:32.294, 9243184950241, datacollector.dll, Blame Collector : Test Case End
TpTrace Information: 0 : 13092, 8, 2021/11/15, 13:36:32.294, 9243184952710, datacollector.dll, DataCollectionTestCaseEventHandler: Test case 'DodavanjeMesnihProizvoda - 3a1d8414-af96-8075-3e91-63006d286d73' completed
TpTrace Information: 0 : 13092, 8, 2021/11/15, 13:36:32.295, 9243184969216, datacollector.dll, DataCollectionTestCaseEventHandler: Test case starting.
TpTrace Information: 0 : 13092, 8, 2021/11/15, 13:36:32.296, 9243184974282, datacollector.dll, Blame Collector : Test Case Start
TpTrace Information: 0 : 13092, 8, 2021/11/15, 13:36:32.296, 9243184976545, datacollector.dll, DataCollectionTestCaseEventHandler: Test case 'DodavanjeVoćaIBrisanje - 3f4528f8-6f76-6b66-8987-b10996504e89' started.
TpTrace Information: 0 : 13092, 8, 2021/11/15, 13:36:32.476, 9243186775110, datacollector.dll, DataCollectionTestCaseEventHandler : Test case completing.
TpTrace Information: 0 : 13092, 8, 2021/11/15, 13:36:32.478, 9243186790729, datacollector.dll, Blame Collector : Test Case End
TpTrace Information: 0 : 13092, 8, 2021/11/15, 13:36:32.478, 9243186793838, datacollector.dll, DataCollectionTestCaseEventHandler: Test case 'DodavanjeVoćaIBrisanje - 3f4528f8-6f76-6b66-8987-b10996504e89' completed
TpTrace Information: 0 : 13092, 8, 2021/11/15, 13:36:32.480, 9243186813364, datacollector.dll, DataCollectionTestCaseEventHandler: Test case starting.
TpTrace Information: 0 : 13092, 8, 2021/11/15, 13:36:32.480, 9243186819143, datacollector.dll, Blame Collector : Test Case Start
TpTrace Information: 0 : 13092, 8, 2021/11/15, 13:36:32.481, 9243186821543, datacollector.dll, DataCollectionTestCaseEventHandler: Test case 'NepodržaniTipDodavanja - 94f032db-9346-302f-6689-ffa07b4ffe55' started.
TpTrace Information: 0 : 13092, 8, 2021/11/15, 13:36:32.485, 9243186866820, datacollector.dll, DataCollectionTestCaseEventHandler : Test case completing.
TpTrace Information: 0 : 13092, 8, 2021/11/15, 13:36:32.486, 9243186871019, datacollector.dll, Blame Collector : Test Case End
TpTrace Information: 0 : 13092, 8, 2021/11/15, 13:36:32.486, 9243186872503, datacollector.dll, DataCollectionTestCaseEventHandler: Test case 'NepodržaniTipDodavanja - 94f032db-9346-302f-6689-ffa07b4ffe55' completed
TpTrace Information: 0 : 13092, 8, 2021/11/15, 13:36:32.487, 9243186883197, datacollector.dll, DataCollectionTestCaseEventHandler: Test case starting.
TpTrace Information: 0 : 13092, 8, 2021/11/15, 13:36:32.487, 9243186887636, datacollector.dll, Blame Collector : Test Case Start
TpTrace Information: 0 : 13092, 8, 2021/11/15, 13:36:32.487, 9243186889112, datacollector.dll, DataCollectionTestCaseEventHandler: Test case 'NemogućeDodavanjeUzBrisanje - 0e86f05c-b4ae-450e-5451-e8f8450dc484' started.
TpTrace Information: 0 : 13092, 8, 2021/11/15, 13:36:32.490, 9243186913409, datacollector.dll, DataCollectionTestCaseEventHandler : Test case completing.
TpTrace Information: 0 : 13092, 8, 2021/11/15, 13:36:32.491, 9243186920651, datacollector.dll, Blame Collector : Test Case End
TpTrace Information: 0 : 13092, 8, 2021/11/15, 13:36:32.491, 9243186923550, datacollector.dll, DataCollectionTestCaseEventHandler: Test case 'NemogućeDodavanjeUzBrisanje - 0e86f05c-b4ae-450e-5451-e8f8450dc484' completed
TpTrace Information: 0 : 13092, 8, 2021/11/15, 13:36:32.497, 9243186984159, datacollector.dll, DataCollectionTestCaseEventHandler: Test session ended
TpTrace Information: 0 : 13092, 1, 2021/11/15, 13:36:32.593, 9243187945147, datacollector.dll, DataCollectionRequestHandler.ProcessRequests : Datacollector received message: (DataCollection.AfterTestRunEnd) -> false
TpTrace Information: 0 : 13092, 1, 2021/11/15, 13:36:32.594, 9243187951515, datacollector.dll, Blame Collector : Session End
TpTrace Information: 0 : 13092, 1, 2021/11/15, 13:36:32.594, 9243187952479, datacollector.dll, BlameCollector.CollectDumpAndAbortTesthost: Custom path to dump directory was provided via VSTEST_DUMP_PATH. Skipping attachment upload, the caller is responsible for collecting and uploading the dumps themselves.
TpTrace Information: 0 : 13092, 1, 2021/11/15, 13:36:32.594, 9243187953557, datacollector.dll, DataCollectionManager.CleanupPlugins: CleanupPlugins called
TpTrace Verbose: 0 : 13092, 1, 2021/11/15, 13:36:32.594, 9243187953981, datacollector.dll, DataCollectionManager.CleanupPlugins: Cleaning up 1 plugins
TpTrace Verbose: 0 : 13092, 1, 2021/11/15, 13:36:32.594, 9243187955218, datacollector.dll, dataCollectorInfo.DisposeDataCollector: calling Dispose() on Microsoft.TestPlatform.Extensions.BlameDataCollector.BlameCollector
TpTrace Information: 0 : 13092, 1, 2021/11/15, 13:36:32.594, 9243187955896, datacollector.dll, DataCollectionManager.CleanupPlugins: CleanupPlugins finished
TpTrace Information: 0 : 13092, 1, 2021/11/15, 13:36:32.597, 9243187981672, datacollector.dll, DataCollectionRequestHandler.ProcessRequests : Session End message received from server. Closing the connection.
TpTrace Information: 0 : 13092, 1, 2021/11/15, 13:36:32.597, 9243187985250, datacollector.dll, Closing the connection !
TpTrace Information: 0 : 13092, 1, 2021/11/15, 13:36:32.597, 9243187986034, datacollector.dll, DataCollectionRequestHandler.ProcessRequests : DataCollection completed
TpTrace Information: 0 : 13092, 1, 2021/11/15, 13:36:32.597, 9243187986581, datacollector.dll, Program.Main: exiting datacollector process.
